150006001100200008 00 1 0 2 0 3 11 4 13 5 579 6 8 
150006001100200008 00 1 0 2 0 3 12 4 10 5 4351 6 9 
150006001100200008 00 1 0 2 0 3 11 4 9 5 6302 6 8 
150006001100200008 00 1 0 2 0 3 11 4 10 5 5993 6 8 
150006001100200008 00 1 0 2 0 3 9 4 10 5 5812 6 8 
150006001100200008 00 1 0 2 0 3 11 4 10 5 5656 6 8 
150006001100200008 00 1 0 2 0 3 10 4 9 5 6664 6 8 
150006001100200008 00 1 0 2 0 3 9 4 10 5 7973 6 8 
150006001100200008 00 1 0 2 0 3 9 4 9 5 8193 6 8 
150006001100200008 00 1 0 2 0 3 9 4 9 5 8211 6 8 
150006001100200008 00 1 0 2 0 3 8 4 9 5 8213 6 8 
150006001100200008 00 1 0 2 0 3 8 4 9 5 8216 6 8 
150006001100200008 00 1 0 2 0 3 7455 4 9 5 631 6 7 
150006001100200008 00 1 0 2 0 3 13409 4 9 5 13 6 7 
150006001100200008 00 1 0 2 0 3 13415 4 9 5 13 6 7 
150006001100200008 00 1 0 2 0 3 13415 4 8 5 14 6 7 
150006001100200008 00 1 0 2 0 3 13438 4 13 5 18 6 11 
150006001100200008 00 1 0 2 0 3 13440 4 24 5 32 6 23 
150006001100200008 00 1 0 2 0 3 13448 4 24 5 32 6 23 
150006001100200008 00 1 0 2 0 3 13431 4 25 5 32 6 23 
150006001100200008 00 1 0 2 0 3 13424 4 25 5 31 6 23 
150006001100200008 00 1 0 2 0 3 13416 4 24 5 31 6 23 
150006001100200008 00 1 0 2 0 3 9588 4 51 5 30 6 24 
150006001100200008 00 1 0 2 0 3 26 4 4497 5 27 6 34 
150006001100200008 00 1 0 2 0 3 25 4 4923 5 27 6 36 
150006001100200008 00 1 0 2 0 3 25 4 5374 5 27 6 36 
150006001100200008 00 1 0 2 0 3 25 4 5444 5 27 6 36 
150006001100200008 00 1 0 2 0 3 25 4 5425 5 27 6 36 
150006001100200008 00 1 0 2 0 3 26 4 5555 5 27 6 37 
150006001100200008 00 1 0 2 0 3 26 4 8550 5 27 6 40 
150006001100200008 00 1 0 2 0 3 26 4 8773 5 27 6 39 
150006001100200008 00 1 0 2 0 3 26 4 7957 5 27 6 39 
150006001100200008 00 1 0 2 0 3 25 4 1583 5 27 6 3623 
150006001100200008 00 1 0 2 0 3 26 4 38 5 29 6 3079 
150006001100200008 00 1 0 2 0 3 26 4 38 5 29 6 2905 
150006001100200008 00 1 0 2 0 3 25 4 38 5 28 6 3153 
150006001100200008 00 1 0 2 0 3 25 4 38 5 28 6 3141 
150006001100200008 00 1 0 2 0 3 25 4 38 5 28 6 3168 
150006001100200008 00 1 0 2 0 3 25 4 38 5 29 6 3215 
150006001100200008 00 1 0 2 0 3 26 4 54 5 28 6 2614 
150006001100200008 00 1 0 2 0 3 33 4 38 5 25 6 32 
150006001100200008 00 1 0 2 0 3 5 4 6 5 6 6 5 
150006001100200008 00 1 0 2 0 3 5 4 6 5 6 6 5 
150006001100200008 00 1 0 2 0 3 6 4 7 5 6 6 5 
150006001100200008 00 1 0 2 0 3 5 4 8 5 7 6 6 
150006001100200008 00 1 0 2 0 3 6 4 7 5 6 6 5 
150006001100200008 00 1 0 2 0 3 5 4 7 5 6 6 6 
150006001100200008 00 1 0 2 0 3 5 4 8 5 6 6 5 
150006001100200008 00 1 0 2 0 3 6 4 7 5 6 6 6 
150006001100200009 00 1 0 2 0 3 5 4 8 5 6 6 5 
150006001100200009 00 1 0 2 0 3 15 4 19 5 18 6 18 
150006001100200009 00 1 0 2 0 3 25 4 34 5 30 6 32 
150006001100200009 00 1 0 2 0 3 231 4 83 5 308 6 42 
150006001100200009 00 1 0 2 0 3 278 4 212 5 411 6 86 
150006001100200009 00 1 0 2 0 3 195 4 94 5 715 6 40 
150006001100200009 00 1 0 2 0 3 381 4 401 5 398 6 92 
150006001100200009 00 1 0 2 0 3 74 4 259 5 84 6 640 
150006001100200009 00 1 0 2 0 3 439 4 185 5 395 6 36 
150006001100200009 00 1 0 2 0 3 79 4 167 5 98 6 461 
150006001100200009 00 1 0 2 0 3 251 4 93 5 227 6 91 
150006001100200009 00 1 0 2 0 3 196 4 236 5 186 6 192 
150006001100200009 00 1 0 2 0 3 157 4 182 5 137 6 394 
150006001100200009 00 1 0 2 0 3 130 4 176 5 177 6 89 
150006001100200009 00 1 0 2 0 3 22 4 28 5 25 6 27 
150006001100200009 00 1 0 2 0 3 14 4 18 5 16 6 17 
150006001100200009 00 1 0 2 0 3 5 4 7 5 6 6 6 
150006001100200009 00 1 0 2 0 3 5 4 8 5 6 6 5 
150006001100200009 00 1 0 2 0 3 5 4 7 5 6 6 6 
150006001100200009 00 1 0 2 0 3 5 4 7 5 6 6 5 
150006001100200009 00 1 0 2 0 3 5 4 8 5 6 6 6 
150006001100200009 00 1 0 2 0 3 6 4 7 5 7 6 5 
150006001100200009 00 1 0 2 0 3 5 4 7 5 6 6 6 
150006001100200009 00 1 0 2 0 3 5 4 8 5 7 6 5 
150006001100200009 00 1 0 2 0 3 5 4 7 5 6 6 6 
150006001100200009 00 1 0 2 0 3 5 4 7 5 7 6 6
